/*C8*/SET SCHEMA PUBLIC
DISCONNECT
/*C10*/SET SCHEMA PUBLIC
DISCONNECT
/*C9*/SET SCHEMA PUBLIC
DISCONNECT
/*C11*/SET SCHEMA PUBLIC
drop table if exists order_items
drop table if exists phones
drop table if exists orders
create table phones (\u000a  id BIGINT GENERATED BY DEFAULT AS IDENTITY (START WITH 1 INCREMENT BY 1)  primary key,\u000a  model varchar(254)  not null,\u000a  color VARCHAR (50) NOT  NULL,\u000a  displaySize SMALLINT NOT NULL,\u000a  width SMALLINT,\u000a  length SMALLINT,\u000a  camera SMALLINT,\u000a  price INT not null\u000a)
create table orders (\u000a  id BIGINT GENERATED BY DEFAULT AS IDENTITY (START WITH 1 INCREMENT BY 1) primary key,\u000a  delivery_price INT not null,\u000a  subtotal INT NOT NULL,\u000a  total int NOT  NULL,\u000a\u000a  first_name varchar(100) not null,\u000a  last_name varchar(100) not null,\u000a  delivery_address VARCHAR(500) not null,\u000a  contact_phone_no VARCHAR(50) not null,\u000a  additional_info VARCHAR(500)\u000a)
create table order_items (\u000a  id BIGINT GENERATED BY DEFAULT AS IDENTITY (START WITH 1 INCREMENT BY 1)  primary key,\u000a  phone_id BIGINT not null,\u000a  order_id BIGINT not null,\u000a  quantity SMALLINT not null,\u000a  subtotal INT NOT NULL,\u000a  foreign key (phone_id) references phones(id),\u000a  foreign key (order_id) references orders(id)\u000a)
CREATE UNIQUE INDEX phones\u000a  ON phones(model)
/*C12*/SET SCHEMA PUBLIC
DISCONNECT
/*C11*/TRUNCATE TABLE ORDER_ITEMS AND COMMIT
TRUNCATE TABLE PHONES AND COMMIT
TRUNCATE TABLE ORDERS AND COMMIT
INSERT INTO PHONES VALUES(1,'fly','white',11,NULL,NULL,NULL,11111)
INSERT INTO PHONES VALUES(2,'samsung','white',22,NULL,NULL,NULL,22222)
INSERT INTO PHONES VALUES(3,'hts','white',33,NULL,NULL,NULL,33333)
INSERT INTO PHONES VALUES(4,'globo','white',44,NULL,NULL,NULL,44444)
INSERT INTO PHONES VALUES(5,'iphone','white',55,NULL,NULL,NULL,99999)
COMMIT
INSERT INTO ORDERS VALUES(1,500,11111,11611,'klara','karlovna','karlovy vary','+375 29 111 77 77',NULL)
INSERT INTO ORDERS VALUES(2,500,33333,33833,'kenny','poor','south park','+375 29 222 77 77',NULL)
INSERT INTO ORDERS VALUES(3,500,66666,67166,'winny','winz','south park','+375 29 333 77 77',NULL)
INSERT INTO ORDERS VALUES(4,500,111110,111610,'lenny','linz','south park','+375 29 444 77 77',NULL)
INSERT INTO ORDERS VALUES(5,500,499995,500495,'anny','anz','south park','+375 29 555 77 77',NULL)
INSERT INTO ORDERS VALUES(6,500,999990,1000490,'wanny','anz','south park','+375 29 666 77 77',NULL)
COMMIT
INSERT INTO ORDER_ITEMS VALUES(1,1,1,1,11111)
INSERT INTO ORDER_ITEMS VALUES(2,1,2,1,11111)
INSERT INTO ORDER_ITEMS VALUES(3,2,2,1,22222)
INSERT INTO ORDER_ITEMS VALUES(4,1,3,1,11111)
INSERT INTO ORDER_ITEMS VALUES(5,2,3,1,22222)
INSERT INTO ORDER_ITEMS VALUES(6,3,3,1,33333)
INSERT INTO ORDER_ITEMS VALUES(7,1,4,1,11111)
INSERT INTO ORDER_ITEMS VALUES(8,2,4,1,22222)
INSERT INTO ORDER_ITEMS VALUES(9,3,4,1,33333)
INSERT INTO ORDER_ITEMS VALUES(10,4,4,1,44444)
INSERT INTO ORDER_ITEMS VALUES(11,5,5,5,499995)
INSERT INTO ORDER_ITEMS VALUES(12,5,6,10,999990)
COMMIT
