/*C8*/SET SCHEMA PUBLIC
TRUNCATE TABLE ORDER_ITEMS AND COMMIT 
TRUNCATE TABLE PHONES AND COMMIT 
TRUNCATE TABLE ORDERS AND COMMIT 
INSERT INTO PHONES VALUES(1,'fly','white',11,NULL,NULL,NULL,111111)
INSERT INTO PHONES VALUES(2,'samsung','white',22,NULL,NULL,NULL,222222)
INSERT INTO PHONES VALUES(3,'hts','white',33,NULL,NULL,NULL,333333)
INSERT INTO PHONES VALUES(4,'globo','white',44,NULL,NULL,NULL,444444)
INSERT INTO PHONES VALUES(5,'iphone','white',55,NULL,NULL,NULL,99999)
COMMIT
INSERT INTO ORDERS VALUES(1,10,'klara','karlovna','karlovy vary','+375 29 111 77 77',NULL)
INSERT INTO ORDERS VALUES(2,20,'kenny','poor','south park','+375 29 222 77 77',NULL)
INSERT INTO ORDERS VALUES(3,30,'winny','winz','south park','+375 29 333 77 77',NULL)
INSERT INTO ORDERS VALUES(4,40,'lenny','linz','south park','+375 29 444 77 77',NULL)
INSERT INTO ORDERS VALUES(5,50,'anny','anz','south park','+375 29 555 77 77',NULL)
INSERT INTO ORDERS VALUES(6,50,'wanny','anz','south park','+375 29 666 77 77',NULL)
COMMIT
INSERT INTO ORDER_ITEMS VALUES(1,1,1,1)
INSERT INTO ORDER_ITEMS VALUES(2,1,2,1)
INSERT INTO ORDER_ITEMS VALUES(3,2,2,1)
INSERT INTO ORDER_ITEMS VALUES(4,1,3,1)
INSERT INTO ORDER_ITEMS VALUES(5,2,3,1)
INSERT INTO ORDER_ITEMS VALUES(6,3,3,1)
INSERT INTO ORDER_ITEMS VALUES(7,1,4,1)
INSERT INTO ORDER_ITEMS VALUES(8,2,4,1)
INSERT INTO ORDER_ITEMS VALUES(9,3,4,1)
INSERT INTO ORDER_ITEMS VALUES(10,4,4,1)
INSERT INTO ORDER_ITEMS VALUES(11,5,5,5)
INSERT INTO ORDER_ITEMS VALUES(12,5,6,10)
COMMIT
DISCONNECT
/*C9*/SET SCHEMA PUBLIC
TRUNCATE TABLE ORDER_ITEMS AND COMMIT 
TRUNCATE TABLE PHONES AND COMMIT 
TRUNCATE TABLE ORDERS AND COMMIT 
INSERT INTO PHONES VALUES(1,'fly','white',11,NULL,NULL,NULL,111111)
INSERT INTO PHONES VALUES(2,'samsung','white',22,NULL,NULL,NULL,222222)
INSERT INTO PHONES VALUES(3,'hts','white',33,NULL,NULL,NULL,333333)
INSERT INTO PHONES VALUES(4,'globo','white',44,NULL,NULL,NULL,444444)
INSERT INTO PHONES VALUES(5,'iphone','white',55,NULL,NULL,NULL,99999)
COMMIT
INSERT INTO ORDERS VALUES(1,10,'klara','karlovna','karlovy vary','+375 29 111 77 77',NULL)
INSERT INTO ORDERS VALUES(2,20,'kenny','poor','south park','+375 29 222 77 77',NULL)
INSERT INTO ORDERS VALUES(3,30,'winny','winz','south park','+375 29 333 77 77',NULL)
INSERT INTO ORDERS VALUES(4,40,'lenny','linz','south park','+375 29 444 77 77',NULL)
INSERT INTO ORDERS VALUES(5,50,'anny','anz','south park','+375 29 555 77 77',NULL)
INSERT INTO ORDERS VALUES(6,50,'wanny','anz','south park','+375 29 666 77 77',NULL)
COMMIT
INSERT INTO ORDER_ITEMS VALUES(1,1,1,1)
INSERT INTO ORDER_ITEMS VALUES(2,1,2,1)
INSERT INTO ORDER_ITEMS VALUES(3,2,2,1)
INSERT INTO ORDER_ITEMS VALUES(4,1,3,1)
INSERT INTO ORDER_ITEMS VALUES(5,2,3,1)
INSERT INTO ORDER_ITEMS VALUES(6,3,3,1)
INSERT INTO ORDER_ITEMS VALUES(7,1,4,1)
INSERT INTO ORDER_ITEMS VALUES(8,2,4,1)
INSERT INTO ORDER_ITEMS VALUES(9,3,4,1)
INSERT INTO ORDER_ITEMS VALUES(10,4,4,1)
INSERT INTO ORDER_ITEMS VALUES(11,5,5,5)
INSERT INTO ORDER_ITEMS VALUES(12,5,6,10)
COMMIT
DISCONNECT
/*C10*/SET SCHEMA PUBLIC
DISCONNECT
/*C11*/SET SCHEMA PUBLIC
DISCONNECT
/*C13*/SET SCHEMA PUBLIC
TRUNCATE TABLE ORDER_ITEMS AND COMMIT 
TRUNCATE TABLE PHONES AND COMMIT 
TRUNCATE TABLE ORDERS AND COMMIT 
INSERT INTO PHONES VALUES(1,'fly','white',11,NULL,NULL,NULL,111111)
INSERT INTO PHONES VALUES(2,'samsung','white',22,NULL,NULL,NULL,222222)
INSERT INTO PHONES VALUES(3,'hts','white',33,NULL,NULL,NULL,333333)
INSERT INTO PHONES VALUES(4,'globo','white',44,NULL,NULL,NULL,444444)
INSERT INTO PHONES VALUES(5,'iphone','white',55,NULL,NULL,NULL,99999)
COMMIT
INSERT INTO ORDERS VALUES(1,10,'klara','karlovna','karlovy vary','+375 29 111 77 77',NULL)
INSERT INTO ORDERS VALUES(2,20,'kenny','poor','south park','+375 29 222 77 77',NULL)
INSERT INTO ORDERS VALUES(3,30,'winny','winz','south park','+375 29 333 77 77',NULL)
INSERT INTO ORDERS VALUES(4,40,'lenny','linz','south park','+375 29 444 77 77',NULL)
INSERT INTO ORDERS VALUES(5,50,'anny','anz','south park','+375 29 555 77 77',NULL)
INSERT INTO ORDERS VALUES(6,50,'wanny','anz','south park','+375 29 666 77 77',NULL)
COMMIT
INSERT INTO ORDER_ITEMS VALUES(1,1,1,1)
INSERT INTO ORDER_ITEMS VALUES(2,1,2,1)
INSERT INTO ORDER_ITEMS VALUES(3,2,2,1)
INSERT INTO ORDER_ITEMS VALUES(4,1,3,1)
INSERT INTO ORDER_ITEMS VALUES(5,2,3,1)
INSERT INTO ORDER_ITEMS VALUES(6,3,3,1)
INSERT INTO ORDER_ITEMS VALUES(7,1,4,1)
INSERT INTO ORDER_ITEMS VALUES(8,2,4,1)
INSERT INTO ORDER_ITEMS VALUES(9,3,4,1)
INSERT INTO ORDER_ITEMS VALUES(10,4,4,1)
INSERT INTO ORDER_ITEMS VALUES(11,5,5,5)
INSERT INTO ORDER_ITEMS VALUES(12,5,6,10)
COMMIT
DISCONNECT
/*C14*/SET SCHEMA PUBLIC
TRUNCATE TABLE ORDER_ITEMS AND COMMIT 
TRUNCATE TABLE PHONES AND COMMIT 
TRUNCATE TABLE ORDERS AND COMMIT 
INSERT INTO PHONES VALUES(1,'fly','white',11,NULL,NULL,NULL,111111)
INSERT INTO PHONES VALUES(2,'samsung','white',22,NULL,NULL,NULL,222222)
INSERT INTO PHONES VALUES(3,'hts','white',33,NULL,NULL,NULL,333333)
INSERT INTO PHONES VALUES(4,'globo','white',44,NULL,NULL,NULL,444444)
INSERT INTO PHONES VALUES(5,'iphone','white',55,NULL,NULL,NULL,99999)
COMMIT
INSERT INTO ORDERS VALUES(1,10,'klara','karlovna','karlovy vary','+375 29 111 77 77',NULL)
INSERT INTO ORDERS VALUES(2,20,'kenny','poor','south park','+375 29 222 77 77',NULL)
INSERT INTO ORDERS VALUES(3,30,'winny','winz','south park','+375 29 333 77 77',NULL)
INSERT INTO ORDERS VALUES(4,40,'lenny','linz','south park','+375 29 444 77 77',NULL)
INSERT INTO ORDERS VALUES(5,50,'anny','anz','south park','+375 29 555 77 77',NULL)
INSERT INTO ORDERS VALUES(6,50,'wanny','anz','south park','+375 29 666 77 77',NULL)
COMMIT
INSERT INTO ORDER_ITEMS VALUES(1,1,1,1)
INSERT INTO ORDER_ITEMS VALUES(2,1,2,1)
INSERT INTO ORDER_ITEMS VALUES(3,2,2,1)
INSERT INTO ORDER_ITEMS VALUES(4,1,3,1)
INSERT INTO ORDER_ITEMS VALUES(5,2,3,1)
INSERT INTO ORDER_ITEMS VALUES(6,3,3,1)
INSERT INTO ORDER_ITEMS VALUES(7,1,4,1)
INSERT INTO ORDER_ITEMS VALUES(8,2,4,1)
INSERT INTO ORDER_ITEMS VALUES(9,3,4,1)
INSERT INTO ORDER_ITEMS VALUES(10,4,4,1)
INSERT INTO ORDER_ITEMS VALUES(11,5,5,5)
INSERT INTO ORDER_ITEMS VALUES(12,5,6,10)
COMMIT
DISCONNECT
